SonarCloud plugins:
  - CSS Code Quality and Security 1.4.2.2002 (cssfamily)
  - IaC Code Quality and Security 1.0.1.763 (iac)
  - PL/SQL Code Quality and Security 3.6.1.3873 (plsql)
  - Scala Code Quality and Security 1.8.3.2219 (sonarscala)
  - C# Code Quality and Security 8.28.0.36372 (csharp)
  - Vulnerability Analysis 9.1.0-M1.13016 (security)
  - Java Code Quality and Security 7.2.0.26923 (java)
  - HTML Code Quality and Security 3.4.0.2754 (web)
  - Flex Code Quality and Security 2.6.2.2641 (flex)
  - XML Code Quality and Security 2.3.0.3155 (xml)
  - VB.NET Code Quality and Security 8.28.0.36372 (vbnet)
  - Swift Code Quality and Security 4.3.1.4892 (swift)
  - CFamily Code Quality and Security 6.25.0.35661 (cpp)
  - Python Code Quality and Security 3.6.0.8488 (python)
  - Go Code Quality and Security 1.8.3.2219 (go)
  - JaCoCo 1.1.1.1157 (jacoco)
  - Kotlin Code Quality and Security 2.1.0.344 (kotlin)
  - Mercurial 1.1.2 (scmmercurial)
  - T-SQL Code Quality and Security 1.5.1.4340 (tsql)
  - Apex Code Quality and Security 1.8.3.2219 (sonarapex)
  - JavaScript/TypeScript Code Quality and Security 8.3.0.16208 (javascript)
  - Ruby Code Quality and Security 1.8.3.2219 (ruby)
  - Vulnerability Rules for C# 9.1.0-M1.13016 (securitycsharpfrontend)
  - Vulnerability Rules for Java 9.1.0-M1.13016 (securityjavafrontend)
  - License for SonarLint 8.0.0.23105 (license)
  - Vulnerability Rules for JS 9.1.0-M1.13016 (securityjsfrontend)
  - COBOL Code Quality 4.6.2.4876 (cobol)
  - Vulnerability Rules for Python 9.1.0-M1.13016 (securitypythonfrontend)
  - PHP Code Quality and Security 3.19.0.7847 (php)
  - ABAP Code Quality and Security 3.9.1.3127 (abap)
  - Configuration detection fot Code Quality and Security 1.0.0.32 (config)
  - Vulnerability Rules for PHP 9.1.0-M1.13016 (securityphpfrontend)
Global server settings:
  - email.from=noreply@sonarcloud.io
  - email.fromName=SonarCloud
  - email.prefix=[SonarCloud]
  - node_10_end_of_support_date=1620604800000
  - node_10_grace_period_termination_date=1621814400000
  - sonar.auth.bitbucket.enabled=true
  - sonar.auth.microsoft.enabled=true
  - sonar.core.id=1BD809FA-AWHW8ct9-T_TB3XqouNu
  - sonar.core.serverBaseURL=https://sonarcloud.io
  - sonar.core.startTime=2021-09-06T11:52:43+0200
  - sonar.dbcleaner.weeksBeforeDeletingAllSnapshots=260
  - sonar.dbcleaner.weeksBeforeKeepingOnlyOneSnapshotByMonth=4
  - sonar.dbcleaner.weeksBeforeKeepingOnlyOneSnapshotByWeek=1
  - sonar.lf.enableGravatar=true
  - sonar.lf.logoWidthPx=105
  - sonar.organizations.anyoneCanCreate=true
  - sonar.organizations.createPersonalOrg=true
  - sonar.plsql.file.suffixes=sql,tab,pkb
  - sonar.tsql.file.suffixes=.tsql
Project server settings:
Project scanner properties:
  - sonar.binaries=/home/kali/Documents/Tools/sonarcloud_customrules/target/classes
  - sonar.externalIssuesReportPaths=security_findings.json
  - sonar.groovy.binaries=/home/kali/Documents/Tools/sonarcloud_customrules/target/classes
  - sonar.host.url=https://sonarcloud.io
  - sonar.java.binaries=/home/kali/Documents/Tools/sonarcloud_customrules/target/classes
  - sonar.java.source=1.7
  - sonar.java.target=1.7
  - sonar.java.test.binaries=/home/kali/Documents/Tools/sonarcloud_customrules/target/test-classes
  - sonar.java.test.libraries=/home/kali/Documents/Tools/sonarcloud_customrules/target/classes,/home/kali/.m2/repository/junit/junit/4.11/junit-4.11.jar,/home/kali/.m2/repository/org/hamcrest/hamcrest-core/1.3/hamcrest-core-1.3.jar
  - sonar.junit.reportPaths=/home/kali/Documents/Tools/sonarcloud_customrules/target/surefire-reports
  - sonar.junit.reportsPath=/home/kali/Documents/Tools/sonarcloud_customrules/target/surefire-reports
  - sonar.links.ci=
  - sonar.links.homepage=http://www.example.com
  - sonar.links.issue=
  - sonar.links.scm=
  - sonar.links.scm_dev=
  - sonar.moduleKey=test-custom-rules:com.test:scan-scripts
  - sonar.organization=testcustomrules
  - sonar.projectBaseDir=/home/kali/Documents/Tools/sonarcloud_customrules
  - sonar.projectBuildDir=/home/kali/Documents/Tools/sonarcloud_customrules/target
  - sonar.projectKey=test-custom-rules
  - sonar.projectName=scan-scripts
  - sonar.projectVersion=1.0-SNAPSHOT
  - sonar.scanner.app=ScannerMaven
  - sonar.scanner.appVersion=3.9.0.2155/3.6.3
  - sonar.sourceEncoding=UTF-8
  - sonar.sources=/home/kali/Documents/Tools/sonarcloud_customrules/pom.xml,/home/kali/Documents/Tools/sonarcloud_customrules/src/main/java
  - sonar.tests=/home/kali/Documents/Tools/sonarcloud_customrules/src/test/java
  - sonar.verbose=true
  - sonar.working.directory=/home/kali/Documents/Tools/sonarcloud_customrules/target/sonar
